This file contains any messages produced by compilers while
running configure, to aid debugging if configure makes a mistake.

It was created by libXft configure 2.3.7, which was
generated by GNU Autoconf 2.71.  Invocation command line was

  $ ./configure --sysconfdir=/etc --prefix=/usr --mandir=/usr/share/man

## --------- ##
## Platform. ##
## --------- ##

hostname = tester-Inspiron-15-3567
uname -m = x86_64
uname -r = 5.19.0-41-generic
uname -s = Linux
uname -v = #42~22.04.1-Ubuntu SMP PREEMPT_DYNAMIC Tue Apr 18 17:40:00 UTC 2

/usr/bin/uname -p = x86_64
/bin/uname -X     = unknown

/bin/arch              = x86_64
/usr/bin/arch -k       = unknown
/usr/convex/getsysinfo = unknown
/usr/bin/hostinfo      = unknown
/bin/machine           = unknown
/usr/bin/oslevel       = unknown
/bin/universe          = unknown

PATH: /usr/local/sbin/
PATH: /usr/local/bin/
PATH: /usr/sbin/
PATH: /usr/bin/
PATH: /sbin/
PATH: /bin/
PATH: /usr/games/
PATH: /usr/local/games/
PATH: /snap/bin/
PATH: /snap/bin/


## ----------- ##
## Core tests. ##
## ----------- ##

configure:2470: looking for aux files: compile config.guess config.sub ltmain.sh missing install-sh
configure:2483:  trying ./
configure:2512:   ./compile found
configure:2512:   ./config.guess found
configure:2512:   ./config.sub found
configure:2512:   ./ltmain.sh found
configure:2512:   ./missing found
configure:2494:   ./install-sh found
configure:2646: checking for a BSD-compatible install
configure:2719: result: /usr/bin/install -c
configure:2730: checking whether build environment is sane
configure:2785: result: yes
configure:2944: checking for a race-free mkdir -p
configure:2988: result: /usr/bin/mkdir -p
configure:2995: checking for gawk
configure:3030: result: no
configure:2995: checking for mawk
configure:3016: found /usr/bin/mawk
configure:3027: result: mawk
configure:3038: checking whether make sets $(MAKE)
configure:3061: result: yes
configure:3091: checking whether make supports nested variables
configure:3109: result: yes
configure:3279: checking build system type
configure:3294: result: x86_64-pc-linux-gnu
configure:3314: checking host system type
configure:3328: result: x86_64-pc-linux-gnu
configure:3369: checking how to print strings
configure:3396: result: printf
configure:3430: checking whether make supports the include directive
configure:3445: make -f confmf.GNU && cat confinc.out
this is the am__doit target
configure:3448: $? = 0
configure:3467: result: yes (GNU style)
configure:3543: checking for gcc
configure:3564: found /usr/bin/gcc
configure:3575: result: gcc
configure:3928: checking for C compiler version
configure:3937: gcc --version >&5
gcc (Ubuntu 11.3.0-1ubuntu1~22.04) 11.3.0
Copyright (C) 2021 Free Software Foundation, Inc.
This is free software; see the source for copying conditions.  There is NO
warranty; not even for MERCHANTABILITY or FITNESS FOR A PARTICULAR PURPOSE.

configure:3948: $? = 0
configure:3937: gcc -v >&5
Using built-in specs.
COLLECT_GCC=gcc
COLLECT_LTO_WRAPPER=/usr/lib/gcc/x86_64-linux-gnu/11/lto-wrapper
OFFLOAD_TARGET_NAMES=nvptx-none:amdgcn-amdhsa
OFFLOAD_TARGET_DEFAULT=1
Target: x86_64-linux-gnu
Configured with: ../src/configure -v --with-pkgversion='Ubuntu 11.3.0-1ubuntu1~22.04' --with-bugurl=file:///usr/share/doc/gcc-11/README.Bugs --enable-languages=c,ada,c++,go,brig,d,fortran,objc,obj-c++,m2 --prefix=/usr --with-gcc-major-version-only --program-suffix=-11 --program-prefix=x86_64-linux-gnu- --enable-shared --enable-linker-build-id --libexecdir=/usr/lib --without-included-gettext --enable-threads=posix --libdir=/usr/lib --enable-nls --enable-bootstrap --enable-clocale=gnu --enable-libstdcxx-debug --enable-libstdcxx-time=yes --with-default-libstdcxx-abi=new --enable-gnu-unique-object --disable-vtable-verify --enable-plugin --enable-default-pie --with-system-zlib --enable-libphobos-checking=release --with-target-system-zlib=auto --enable-objc-gc=auto --enable-multiarch --disable-werror --enable-cet --with-arch-32=i686 --with-abi=m64 --with-multilib-list=m32,m64,mx32 --enable-multilib --with-tune=generic --enable-offload-targets=nvptx-none=/build/gcc-11-xKiWfi/gcc-11-11.3.0/debian/tmp-nvptx/usr,amdgcn-amdhsa=/build/gcc-11-xKiWfi/gcc-11-11.3.0/debian/tmp-gcn/usr --without-cuda-driver --enable-checking=release --build=x86_64-linux-gnu --host=x86_64-linux-gnu --target=x86_64-linux-gnu --with-build-config=bootstrap-lto-lean --enable-link-serialization=2
Thread model: posix
Supported LTO compression algorithms: zlib zstd
gcc version 11.3.0 (Ubuntu 11.3.0-1ubuntu1~22.04) 
... rest of stderr output deleted ...
configure:3948: $? = 0
configure:3937: gcc -V >&5
gcc: error: unrecognized command-line option '-V'
gcc: fatal error: no input files
compilation terminated.
configure:3948: $? = 1
configure:3937: gcc -qversion >&5
gcc: error: unrecognized command-line option '-qversion'; did you mean '--version'?
gcc: fatal error: no input files
compilation terminated.
configure:3948: $? = 1
configure:3937: gcc -version >&5
gcc: error: unrecognized command-line option '-version'
gcc: fatal error: no input files
compilation terminated.
configure:3948: $? = 1
configure:3968: checking whether the C compiler works
configure:3990: gcc    conftest.c  >&5
configure:3994: $? = 0
configure:4044: result: yes
configure:4047: checking for C compiler default output file name
configure:4049: result: a.out
configure:4055: checking for suffix of executables
configure:4062: gcc -o conftest    conftest.c  >&5
configure:4066: $? = 0
configure:4089: result: 
configure:4111: checking whether we are cross compiling
configure:4119: gcc -o conftest    conftest.c  >&5
configure:4123: $? = 0
configure:4130: ./conftest
configure:4134: $? = 0
configure:4149: result: no
configure:4154: checking for suffix of object files
configure:4177: gcc -c   conftest.c >&5
configure:4181: $? = 0
configure:4203: result: o
configure:4207: checking whether the compiler supports GNU C
configure:4227: gcc -c   conftest.c >&5
configure:4227: $? = 0
configure:4237: result: yes
configure:4248: checking whether gcc accepts -g
configure:4269: gcc -c -g  conftest.c >&5
configure:4269: $? = 0
configure:4313: result: yes
configure:4333: checking for gcc option to enable C11 features
configure:4348: gcc  -c -g -O2  conftest.c >&5
configure:4348: $? = 0
configure:4366: result: none needed
configure:4482: checking whether gcc understands -c and -o together
configure:4505: gcc -c conftest.c -o conftest2.o
configure:4508: $? = 0
configure:4505: gcc -c conftest.c -o conftest2.o
configure:4508: $? = 0
configure:4520: result: yes
configure:4539: checking dependency style of gcc
configure:4651: result: gcc3
configure:4666: checking for a sed that does not truncate output
configure:4736: result: /usr/bin/sed
configure:4754: checking for grep that handles long lines and -e
configure:4818: result: /usr/bin/grep
configure:4823: checking for egrep
configure:4891: result: /usr/bin/grep -E
configure:4896: checking for fgrep
configure:4964: result: /usr/bin/grep -F
configure:5000: checking for ld used by gcc
configure:5068: result: /usr/bin/ld
configure:5075: checking if the linker (/usr/bin/ld) is GNU ld
configure:5091: result: yes
configure:5103: checking for BSD- or MS-compatible name lister (nm)
configure:5158: result: /usr/bin/nm -B
configure:5298: checking the name lister (/usr/bin/nm -B) interface
configure:5306: gcc -c -g -O2  conftest.c >&5
configure:5309: /usr/bin/nm -B "conftest.o"
configure:5312: output
0000000000000000 B some_variable
configure:5319: result: BSD nm
configure:5322: checking whether ln -s works
configure:5326: result: yes
configure:5334: checking the maximum length of command line arguments
configure:5466: result: 1572864
configure:5514: checking how to convert x86_64-pc-linux-gnu file names to x86_64-pc-linux-gnu format
configure:5555: result: func_convert_file_noop
configure:5562: checking how to convert x86_64-pc-linux-gnu file names to toolchain format
configure:5583: result: func_convert_file_noop
configure:5590: checking for /usr/bin/ld option to reload object files
configure:5598: result: -r
configure:5677: checking for objdump
configure:5698: found /usr/bin/objdump
configure:5709: result: objdump
configure:5741: checking how to recognize dependent libraries
configure:5942: result: pass_all
configure:6032: checking for dlltool
configure:6067: result: no
configure:6097: checking how to associate runtime and link libraries
configure:6125: result: printf %s\n
configure:6191: checking for ar
configure:6212: found /usr/bin/ar
configure:6223: result: ar
configure:6260: checking for archiver @FILE support
configure:6278: gcc -c -g -O2  conftest.c >&5
configure:6278: $? = 0
configure:6282: ar cr libconftest.a @conftest.lst >&5
configure:6285: $? = 0
configure:6290: ar cr libconftest.a @conftest.lst >&5
ar: conftest.o: No such file or directory
configure:6293: $? = 1
configure:6305: result: @
configure:6368: checking for strip
configure:6389: found /usr/bin/strip
configure:6400: result: strip
configure:6477: checking for ranlib
configure:6498: found /usr/bin/ranlib
configure:6509: result: ranlib
configure:6611: checking command to parse /usr/bin/nm -B output from gcc object
configure:6765: gcc -c -g -O2  conftest.c >&5
configure:6768: $? = 0
configure:6772: /usr/bin/nm -B conftest.o | sed -n -e 's/^.*[	 ]\([ABCDGIRSTW][ABCDGIRSTW]*\)[	 ][	 ]*\([_A-Za-z][_A-Za-z0-9]*\)$/\1 \2 \2/p' | sed '/ __gnu_lto/d' > conftest.nm
configure:6838: gcc -o conftest -g -O2   conftest.c conftstm.o >&5
configure:6841: $? = 0
configure:6879: result: ok
configure:6926: checking for sysroot
configure:6957: result: no
configure:6964: checking for a working dd
configure:7008: result: /usr/bin/dd
configure:7012: checking how to truncate binary pipes
configure:7028: result: /usr/bin/dd bs=4096 count=1
configure:7165: gcc -c -g -O2  conftest.c >&5
configure:7168: $? = 0
configure:7365: checking for mt
configure:7386: found /usr/bin/mt
configure:7397: result: mt
configure:7420: checking if mt is a manifest tool
configure:7427: mt '-?'
configure:7435: result: no
configure:8165: checking for stdio.h
configure:8165: gcc -c -g -O2  conftest.c >&5
configure:8165: $? = 0
configure:8165: result: yes
configure:8165: checking for stdlib.h
configure:8165: gcc -c -g -O2  conftest.c >&5
configure:8165: $? = 0
configure:8165: result: yes
configure:8165: checking for string.h
configure:8165: gcc -c -g -O2  conftest.c >&5
configure:8165: $? = 0
configure:8165: result: yes
configure:8165: checking for inttypes.h
configure:8165: gcc -c -g -O2  conftest.c >&5
configure:8165: $? = 0
configure:8165: result: yes
configure:8165: checking for stdint.h
configure:8165: gcc -c -g -O2  conftest.c >&5
configure:8165: $? = 0
configure:8165: result: yes
configure:8165: checking for strings.h
configure:8165: gcc -c -g -O2  conftest.c >&5
configure:8165: $? = 0
configure:8165: result: yes
configure:8165: checking for sys/stat.h
configure:8165: gcc -c -g -O2  conftest.c >&5
configure:8165: $? = 0
configure:8165: result: yes
configure:8165: checking for sys/types.h
configure:8165: gcc -c -g -O2  conftest.c >&5
configure:8165: $? = 0
configure:8165: result: yes
configure:8165: checking for unistd.h
configure:8165: gcc -c -g -O2  conftest.c >&5
configure:8165: $? = 0
configure:8165: result: yes
configure:8190: checking for dlfcn.h
configure:8190: gcc -c -g -O2  conftest.c >&5
configure:8190: $? = 0
configure:8190: result: yes
configure:8449: checking for objdir
configure:8465: result: .libs
configure:8725: checking if gcc supports -fno-rtti -fno-exceptions
configure:8744: gcc -c -g -O2  -fno-rtti -fno-exceptions conftest.c >&5
cc1: warning: command-line option '-fno-rtti' is valid for C++/D/ObjC++ but not for C
configure:8748: $? = 0
configure:8761: result: no
configure:9125: checking for gcc option to produce PIC
configure:9133: result: -fPIC -DPIC
configure:9141: checking if gcc PIC flag -fPIC -DPIC works
configure:9160: gcc -c -g -O2  -fPIC -DPIC -DPIC conftest.c >&5
configure:9164: $? = 0
configure:9177: result: yes
configure:9206: checking if gcc static flag -static works
configure:9235: result: yes
configure:9250: checking if gcc supports -c -o file.o
configure:9272: gcc -c -g -O2  -o out/conftest2.o conftest.c >&5
configure:9276: $? = 0
configure:9298: result: yes
configure:9306: checking if gcc supports -c -o file.o
configure:9354: result: yes
configure:9387: checking whether the gcc linker (/usr/bin/ld -m elf_x86_64) supports shared libraries
configure:10657: result: yes
configure:10694: checking whether -lc should be explicitly linked in
configure:10703: gcc -c -g -O2  conftest.c >&5
configure:10706: $? = 0
configure:10721: gcc -shared  -fPIC -DPIC conftest.o  -v -Wl,-soname -Wl,conftest -o conftest 2\>\&1 \| /usr/bin/grep  -lc  \>/dev/null 2\>\&1
configure:10724: $? = 0
configure:10738: result: no
configure:10898: checking dynamic linker characteristics
configure:11480: gcc -o conftest -g -O2   -Wl,-rpath -Wl,/foo conftest.c  >&5
configure:11480: $? = 0
configure:11731: result: GNU/Linux ld.so
configure:11853: checking how to hardcode library paths into programs
configure:11878: result: immediate
configure:12430: checking whether stripping libraries is possible
configure:12435: result: yes
configure:12470: checking if libtool supports shared libraries
configure:12472: result: yes
configure:12475: checking whether to build shared libraries
configure:12500: result: yes
configure:12503: checking whether to build static libraries
configure:12507: result: yes
configure:12558: checking for gcc options needed to detect all undeclared functions
configure:12580: gcc -c -g -O2   conftest.c >&5
conftest.c: In function 'main':
conftest.c:27:8: error: 'strchr' undeclared (first use in this function)
   27 | (void) strchr;
      |        ^~~~~~
conftest.c:1:1: note: 'strchr' is defined in header '<string.h>'; did you forget to '#include <string.h>'?
    1 | /* confdefs.h */
conftest.c:27:8: note: each undeclared identifier is reported only once for each function it appears in
   27 | (void) strchr;
      |        ^~~~~~
configure:12580: $? = 1
configure: failed program was:
| /* confdefs.h */
| #define PACKAGE_NAME "libXft"
| #define PACKAGE_TARNAME "libXft"
| #define PACKAGE_VERSION "2.3.7"
| #define PACKAGE_STRING "libXft 2.3.7"
| #define PACKAGE_BUGREPORT "https://gitlab.freedesktop.org/xorg/lib/libXft/issues"
| #define PACKAGE_URL ""
| #define PACKAGE "libXft"
| #define VERSION "2.3.7"
| #define HAVE_STDIO_H 1
| #define HAVE_STDLIB_H 1
| #define HAVE_STRING_H 1
| #define HAVE_INTTYPES_H 1
| #define HAVE_STDINT_H 1
| #define HAVE_STRINGS_H 1
| #define HAVE_SYS_STAT_H 1
| #define HAVE_SYS_TYPES_H 1
| #define HAVE_UNISTD_H 1
| #define STDC_HEADERS 1
| #define HAVE_DLFCN_H 1
| #define LT_OBJDIR ".libs/"
| /* end confdefs.h.  */
| 
| int
| main (void)
| {
| (void) strchr;
|   ;
|   return 0;
| }
configure:12607: gcc -c -g -O2   conftest.c >&5
configure:12607: $? = 0
configure:12624: result: none needed
configure:12642: checking whether __clang__ is declared
configure:12642: gcc -c -g -O2   conftest.c >&5
conftest.c: In function 'main':
conftest.c:58:10: error: '__clang__' undeclared (first use in this function)
   58 |   (void) __clang__;
      |          ^~~~~~~~~
conftest.c:58:10: note: each undeclared identifier is reported only once for each function it appears in
configure:12642: $? = 1
configure: failed program was:
| /* confdefs.h */
| #define PACKAGE_NAME "libXft"
| #define PACKAGE_TARNAME "libXft"
| #define PACKAGE_VERSION "2.3.7"
| #define PACKAGE_STRING "libXft 2.3.7"
| #define PACKAGE_BUGREPORT "https://gitlab.freedesktop.org/xorg/lib/libXft/issues"
| #define PACKAGE_URL ""
| #define PACKAGE "libXft"
| #define VERSION "2.3.7"
| #define HAVE_STDIO_H 1
| #define HAVE_STDLIB_H 1
| #define HAVE_STRING_H 1
| #define HAVE_INTTYPES_H 1
| #define HAVE_STDINT_H 1
| #define HAVE_STRINGS_H 1
| #define HAVE_SYS_STAT_H 1
| #define HAVE_SYS_TYPES_H 1
| #define HAVE_UNISTD_H 1
| #define STDC_HEADERS 1
| #define HAVE_DLFCN_H 1
| #define LT_OBJDIR ".libs/"
| /* end confdefs.h.  */
| #include <stddef.h>
| #ifdef HAVE_STDIO_H
| # include <stdio.h>
| #endif
| #ifdef HAVE_STDLIB_H
| # include <stdlib.h>
| #endif
| #ifdef HAVE_STRING_H
| # include <string.h>
| #endif
| #ifdef HAVE_INTTYPES_H
| # include <inttypes.h>
| #endif
| #ifdef HAVE_STDINT_H
| # include <stdint.h>
| #endif
| #ifdef HAVE_STRINGS_H
| # include <strings.h>
| #endif
| #ifdef HAVE_SYS_TYPES_H
| # include <sys/types.h>
| #endif
| #ifdef HAVE_SYS_STAT_H
| # include <sys/stat.h>
| #endif
| #ifdef HAVE_UNISTD_H
| # include <unistd.h>
| #endif
| int
| main (void)
| {
| #ifndef __clang__
| #ifdef __cplusplus
|   (void) __clang__;
| #else
|   (void) __clang__;
| #endif
| #endif
| 
|   ;
|   return 0;
| }
configure:12642: result: no
configure:12649: checking whether __INTEL_COMPILER is declared
configure:12649: gcc -c -g -O2   conftest.c >&5
conftest.c: In function 'main':
conftest.c:58:10: error: '__INTEL_COMPILER' undeclared (first use in this function)
   58 |   (void) __INTEL_COMPILER;
      |          ^~~~~~~~~~~~~~~~
conftest.c:58:10: note: each undeclared identifier is reported only once for each function it appears in
configure:12649: $? = 1
configure: failed program was:
| /* confdefs.h */
| #define PACKAGE_NAME "libXft"
| #define PACKAGE_TARNAME "libXft"
| #define PACKAGE_VERSION "2.3.7"
| #define PACKAGE_STRING "libXft 2.3.7"
| #define PACKAGE_BUGREPORT "https://gitlab.freedesktop.org/xorg/lib/libXft/issues"
| #define PACKAGE_URL ""
| #define PACKAGE "libXft"
| #define VERSION "2.3.7"
| #define HAVE_STDIO_H 1
| #define HAVE_STDLIB_H 1
| #define HAVE_STRING_H 1
| #define HAVE_INTTYPES_H 1
| #define HAVE_STDINT_H 1
| #define HAVE_STRINGS_H 1
| #define HAVE_SYS_STAT_H 1
| #define HAVE_SYS_TYPES_H 1
| #define HAVE_UNISTD_H 1
| #define STDC_HEADERS 1
| #define HAVE_DLFCN_H 1
| #define LT_OBJDIR ".libs/"
| /* end confdefs.h.  */
| #include <stddef.h>
| #ifdef HAVE_STDIO_H
| # include <stdio.h>
| #endif
| #ifdef HAVE_STDLIB_H
| # include <stdlib.h>
| #endif
| #ifdef HAVE_STRING_H
| # include <string.h>
| #endif
| #ifdef HAVE_INTTYPES_H
| # include <inttypes.h>
| #endif
| #ifdef HAVE_STDINT_H
| # include <stdint.h>
| #endif
| #ifdef HAVE_STRINGS_H
| # include <strings.h>
| #endif
| #ifdef HAVE_SYS_TYPES_H
| # include <sys/types.h>
| #endif
| #ifdef HAVE_SYS_STAT_H
| # include <sys/stat.h>
| #endif
| #ifdef HAVE_UNISTD_H
| # include <unistd.h>
| #endif
| int
| main (void)
| {
| #ifndef __INTEL_COMPILER
| #ifdef __cplusplus
|   (void) __INTEL_COMPILER;
| #else
|   (void) __INTEL_COMPILER;
| #endif
| #endif
| 
|   ;
|   return 0;
| }
configure:12649: result: no
configure:12656: checking whether __SUNPRO_C is declared
configure:12656: gcc -c -g -O2   conftest.c >&5
conftest.c: In function 'main':
conftest.c:58:10: error: '__SUNPRO_C' undeclared (first use in this function)
   58 |   (void) __SUNPRO_C;
      |          ^~~~~~~~~~
conftest.c:58:10: note: each undeclared identifier is reported only once for each function it appears in
configure:12656: $? = 1
configure: failed program was:
| /* confdefs.h */
| #define PACKAGE_NAME "libXft"
| #define PACKAGE_TARNAME "libXft"
| #define PACKAGE_VERSION "2.3.7"
| #define PACKAGE_STRING "libXft 2.3.7"
| #define PACKAGE_BUGREPORT "https://gitlab.freedesktop.org/xorg/lib/libXft/issues"
| #define PACKAGE_URL ""
| #define PACKAGE "libXft"
| #define VERSION "2.3.7"
| #define HAVE_STDIO_H 1
| #define HAVE_STDLIB_H 1
| #define HAVE_STRING_H 1
| #define HAVE_INTTYPES_H 1
| #define HAVE_STDINT_H 1
| #define HAVE_STRINGS_H 1
| #define HAVE_SYS_STAT_H 1
| #define HAVE_SYS_TYPES_H 1
| #define HAVE_UNISTD_H 1
| #define STDC_HEADERS 1
| #define HAVE_DLFCN_H 1
| #define LT_OBJDIR ".libs/"
| /* end confdefs.h.  */
| #include <stddef.h>
| #ifdef HAVE_STDIO_H
| # include <stdio.h>
| #endif
| #ifdef HAVE_STDLIB_H
| # include <stdlib.h>
| #endif
| #ifdef HAVE_STRING_H
| # include <string.h>
| #endif
| #ifdef HAVE_INTTYPES_H
| # include <inttypes.h>
| #endif
| #ifdef HAVE_STDINT_H
| # include <stdint.h>
| #endif
| #ifdef HAVE_STRINGS_H
| # include <strings.h>
| #endif
| #ifdef HAVE_SYS_TYPES_H
| # include <sys/types.h>
| #endif
| #ifdef HAVE_SYS_STAT_H
| # include <sys/stat.h>
| #endif
| #ifdef HAVE_UNISTD_H
| # include <unistd.h>
| #endif
| int
| main (void)
| {
| #ifndef __SUNPRO_C
| #ifdef __cplusplus
|   (void) __SUNPRO_C;
| #else
|   (void) __SUNPRO_C;
| #endif
| #endif
| 
|   ;
|   return 0;
| }
configure:12656: result: no
configure:12723: checking for pkg-config
configure:12746: found /usr/bin/pkg-config
configure:12758: result: /usr/bin/pkg-config
configure:12783: checking pkg-config is at least version 0.9.0
configure:12786: result: yes
configure:12836: checking if gcc supports -Werror=unknown-warning-option
configure:12846: gcc -c -g -O2 -Werror=unknown-warning-option  conftest.c >&5
cc1: error: '-Werror=unknown-warning-option': no option '-Wunknown-warning-option'
configure:12846: $? = 1
configure: failed program was:
| /* confdefs.h */
| #define PACKAGE_NAME "libXft"
| #define PACKAGE_TARNAME "libXft"
| #define PACKAGE_VERSION "2.3.7"
| #define PACKAGE_STRING "libXft 2.3.7"
| #define PACKAGE_BUGREPORT "https://gitlab.freedesktop.org/xorg/lib/libXft/issues"
| #define PACKAGE_URL ""
| #define PACKAGE "libXft"
| #define VERSION "2.3.7"
| #define HAVE_STDIO_H 1
| #define HAVE_STDLIB_H 1
| #define HAVE_STRING_H 1
| #define HAVE_INTTYPES_H 1
| #define HAVE_STDINT_H 1
| #define HAVE_STRINGS_H 1
| #define HAVE_SYS_STAT_H 1
| #define HAVE_SYS_TYPES_H 1
| #define HAVE_UNISTD_H 1
| #define STDC_HEADERS 1
| #define HAVE_DLFCN_H 1
| #define LT_OBJDIR ".libs/"
| /* end confdefs.h.  */
| int i;
configure:12854: result: no
configure:12865: checking if gcc supports -Werror=unused-command-line-argument
configure:12875: gcc -c -g -O2 -Werror=unused-command-line-argument  conftest.c >&5
cc1: error: '-Werror=unused-command-line-argument': no option '-Wunused-command-line-argument'; did you mean '-Wunused-dummy-argument'?
configure:12875: $? = 1
configure: failed program was:
| /* confdefs.h */
| #define PACKAGE_NAME "libXft"
| #define PACKAGE_TARNAME "libXft"
| #define PACKAGE_VERSION "2.3.7"
| #define PACKAGE_STRING "libXft 2.3.7"
| #define PACKAGE_BUGREPORT "https://gitlab.freedesktop.org/xorg/lib/libXft/issues"
| #define PACKAGE_URL ""
| #define PACKAGE "libXft"
| #define VERSION "2.3.7"
| #define HAVE_STDIO_H 1
| #define HAVE_STDLIB_H 1
| #define HAVE_STRING_H 1
| #define HAVE_INTTYPES_H 1
| #define HAVE_STDINT_H 1
| #define HAVE_STRINGS_H 1
| #define HAVE_SYS_STAT_H 1
| #define HAVE_SYS_TYPES_H 1
| #define HAVE_UNISTD_H 1
| #define STDC_HEADERS 1
| #define HAVE_DLFCN_H 1
| #define LT_OBJDIR ".libs/"
| /* end confdefs.h.  */
| int i;
configure:12883: result: no
configure:12902: checking if gcc supports -Wall
configure:12920: gcc -o conftest -g -O2 -Wall   conftest.c  >&5
configure:12920: $? = 0
configure:12934: result: yes
configure:13026: checking if gcc supports -Wpointer-arith
configure:13044: gcc -o conftest -g -O2 -Wpointer-arith   conftest.c  >&5
configure:13044: $? = 0
configure:13058: result: yes
configure:13150: checking if gcc supports -Wmissing-declarations
configure:13168: gcc -o conftest -g -O2 -Wmissing-declarations   conftest.c  >&5
configure:13168: $? = 0
configure:13182: result: yes
configure:13274: checking if gcc supports -Wformat=2
configure:13292: gcc -o conftest -g -O2 -Wformat=2   conftest.c  >&5
configure:13292: $? = 0
configure:13306: result: yes
configure:13451: checking if gcc supports -Wstrict-prototypes
configure:13469: gcc -o conftest -g -O2 -Wstrict-prototypes   conftest.c  >&5
configure:13469: $? = 0
configure:13483: result: yes
configure:13575: checking if gcc supports -Wmissing-prototypes
configure:13593: gcc -o conftest -g -O2 -Wmissing-prototypes   conftest.c  >&5
configure:13593: $? = 0
configure:13607: result: yes
configure:13699: checking if gcc supports -Wnested-externs
configure:13717: gcc -o conftest -g -O2 -Wnested-externs   conftest.c  >&5
configure:13717: $? = 0
configure:13731: result: yes
configure:13823: checking if gcc supports -Wbad-function-cast
configure:13841: gcc -o conftest -g -O2 -Wbad-function-cast   conftest.c  >&5
configure:13841: $? = 0
configure:13855: result: yes
configure:13947: checking if gcc supports -Wold-style-definition
configure:13965: gcc -o conftest -g -O2 -Wold-style-definition   conftest.c  >&5
configure:13965: $? = 0
configure:13979: result: yes
configure:14122: checking if gcc supports -Wdeclaration-after-statement
configure:14140: gcc -o conftest -g -O2 -Wdeclaration-after-statement   conftest.c  >&5
configure:14140: $? = 0
configure:14154: result: yes
configure:14250: checking if gcc supports -Wunused
configure:14268: gcc -o conftest -g -O2 -Wunused   conftest.c  >&5
configure:14268: $? = 0
configure:14282: result: yes
configure:14374: checking if gcc supports -Wuninitialized
configure:14392: gcc -o conftest -g -O2 -Wuninitialized   conftest.c  >&5
configure:14392: $? = 0
configure:14406: result: yes
configure:14498: checking if gcc supports -Wshadow
configure:14516: gcc -o conftest -g -O2 -Wshadow   conftest.c  >&5
configure:14516: $? = 0
configure:14530: result: yes
configure:14622: checking if gcc supports -Wmissing-noreturn
configure:14640: gcc -o conftest -g -O2 -Wmissing-noreturn   conftest.c  >&5
configure:14640: $? = 0
configure:14654: result: yes
configure:14746: checking if gcc supports -Wmissing-format-attribute
configure:14764: gcc -o conftest -g -O2 -Wmissing-format-attribute   conftest.c  >&5
configure:14764: $? = 0
configure:14778: result: yes
configure:14870: checking if gcc supports -Wredundant-decls
configure:14888: gcc -o conftest -g -O2 -Wredundant-decls   conftest.c  >&5
configure:14888: $? = 0
configure:14902: result: yes
configure:14994: checking if gcc supports -Wlogical-op
configure:15012: gcc -o conftest -g -O2 -Wlogical-op   conftest.c  >&5
configure:15012: $? = 0
configure:15026: result: yes
configure:15130: checking if gcc supports -Werror=implicit
configure:15148: gcc -o conftest -g -O2 -Werror=implicit   conftest.c  >&5
configure:15148: $? = 0
configure:15162: result: yes
configure:15305: checking if gcc supports -Werror=nonnull
configure:15323: gcc -o conftest -g -O2 -Werror=nonnull   conftest.c  >&5
configure:15323: $? = 0
configure:15337: result: yes
configure:15429: checking if gcc supports -Werror=init-self
configure:15447: gcc -o conftest -g -O2 -Werror=init-self   conftest.c  >&5
configure:15447: $? = 0
configure:15461: result: yes
configure:15553: checking if gcc supports -Werror=main
configure:15571: gcc -o conftest -g -O2 -Werror=main   conftest.c  >&5
configure:15571: $? = 0
configure:15585: result: yes
configure:15677: checking if gcc supports -Werror=missing-braces
configure:15695: gcc -o conftest -g -O2 -Werror=missing-braces   conftest.c  >&5
configure:15695: $? = 0
configure:15709: result: yes
configure:15801: checking if gcc supports -Werror=sequence-point
configure:15819: gcc -o conftest -g -O2 -Werror=sequence-point   conftest.c  >&5
configure:15819: $? = 0
configure:15833: result: yes
configure:15925: checking if gcc supports -Werror=return-type
configure:15943: gcc -o conftest -g -O2 -Werror=return-type   conftest.c  >&5
configure:15943: $? = 0
configure:15957: result: yes
configure:16100: checking if gcc supports -Werror=trigraphs
configure:16118: gcc -o conftest -g -O2 -Werror=trigraphs   conftest.c  >&5
configure:16118: $? = 0
configure:16132: result: yes
configure:16224: checking if gcc supports -Werror=array-bounds
configure:16242: gcc -o conftest -g -O2 -Werror=array-bounds   conftest.c  >&5
configure:16242: $? = 0
configure:16256: result: yes
configure:16348: checking if gcc supports -Werror=write-strings
configure:16366: gcc -o conftest -g -O2 -Werror=write-strings   conftest.c  >&5
configure:16366: $? = 0
configure:16380: result: yes
configure:16472: checking if gcc supports -Werror=address
configure:16490: gcc -o conftest -g -O2 -Werror=address   conftest.c  >&5
configure:16490: $? = 0
configure:16504: result: yes
configure:16596: checking if gcc supports -Werror=int-to-pointer-cast
configure:16614: gcc -o conftest -g -O2 -Werror=int-to-pointer-cast   conftest.c  >&5
configure:16614: $? = 0
configure:16628: result: yes
configure:16771: checking if gcc supports -Werror=pointer-to-int-cast
configure:16789: gcc -o conftest -g -O2 -Werror=pointer-to-int-cast   conftest.c  >&5
configure:16789: $? = 0
configure:16803: result: yes
configure:18544: checking if gcc supports -pedantic
configure:18562: gcc -o conftest -g -O2 -pedantic   conftest.c  >&5
configure:18562: $? = 0
configure:18576: result: yes
configure:18668: checking if gcc supports -Werror
configure:18686: gcc -o conftest -g -O2 -Werror   conftest.c  >&5
configure:18686: $? = 0
configure:18700: result: yes
configure:18846: checking if gcc supports -Werror=attributes
configure:18864: gcc -o conftest -g -O2 -Werror=attributes   conftest.c  >&5
configure:18864: $? = 0
configure:18878: result: yes
configure:19069: checking whether make supports nested variables
configure:19087: result: yes
configure:19128: checking for xrender >= 0.8.2 x11
configure:19135: $PKG_CONFIG --exists --print-errors "xrender >= 0.8.2 x11"
configure:19138: $? = 0
configure:19152: $PKG_CONFIG --exists --print-errors "xrender >= 0.8.2 x11"
configure:19155: $? = 0
configure:19213: result: yes
configure:19221: checking for freetype2 >= 2.1.6
configure:19228: $PKG_CONFIG --exists --print-errors "freetype2 >= 2.1.6"
configure:19231: $? = 0
configure:19245: $PKG_CONFIG --exists --print-errors "freetype2 >= 2.1.6"
configure:19248: $? = 0
configure:19306: result: yes
configure:19314: checking for fontconfig >= 2.5.92
configure:19321: $PKG_CONFIG --exists --print-errors "fontconfig >= 2.5.92"
configure:19324: $? = 0
configure:19338: $PKG_CONFIG --exists --print-errors "fontconfig >= 2.5.92"
configure:19341: $? = 0
configure:19399: result: yes
configure:19518: checking that generated files are newer than configure
configure:19524: result: done
configure:19547: creating ./config.status

## ---------------------- ##
## Running config.status. ##
## ---------------------- ##

This file was extended by libXft config.status 2.3.7, which was
generated by GNU Autoconf 2.71.  Invocation command line was

  CONFIG_FILES    = 
  CONFIG_HEADERS  = 
  CONFIG_LINKS    = 
  CONFIG_COMMANDS = 
  $ ./config.status 

on tester-Inspiron-15-3567

config.status:1131: creating Makefile
config.status:1131: creating xft.pc
config.status:1131: creating src/Makefile
config.status:1131: creating man/Makefile
config.status:1131: creating config.h
config.status:1131: creating include/X11/Xft/Xft.h
config.status:1360: executing depfiles commands
config.status:1437: cd src       && sed -e '/# am--include-marker/d' Makefile         | make -f - am--depfiles
config.status:1442: $? = 0
config.status:1360: executing libtool commands

## ---------------- ##
## Cache variables. ##
## ---------------- ##

ac_cv_build=x86_64-pc-linux-gnu
ac_cv_c_compiler_gnu=yes
ac_cv_c_undeclared_builtin_options='none needed'
ac_cv_env_CC_set=
ac_cv_env_CC_value=
ac_cv_env_CFLAGS_set=
ac_cv_env_CFLAGS_value=
ac_cv_env_CPPFLAGS_set=
ac_cv_env_CPPFLAGS_value=
ac_cv_env_FONTCONFIG_CFLAGS_set=
ac_cv_env_FONTCONFIG_CFLAGS_value=
ac_cv_env_FONTCONFIG_LIBS_set=
ac_cv_env_FONTCONFIG_LIBS_value=
ac_cv_env_FREETYPE_CFLAGS_set=
ac_cv_env_FREETYPE_CFLAGS_value=
ac_cv_env_FREETYPE_LIBS_set=
ac_cv_env_FREETYPE_LIBS_value=
ac_cv_env_LDFLAGS_set=
ac_cv_env_LDFLAGS_value=
ac_cv_env_LIBS_set=
ac_cv_env_LIBS_value=
ac_cv_env_LT_SYS_LIBRARY_PATH_set=
ac_cv_env_LT_SYS_LIBRARY_PATH_value=
ac_cv_env_PKG_CONFIG_LIBDIR_set=
ac_cv_env_PKG_CONFIG_LIBDIR_value=
ac_cv_env_PKG_CONFIG_PATH_set=
ac_cv_env_PKG_CONFIG_PATH_value=
ac_cv_env_PKG_CONFIG_set=
ac_cv_env_PKG_CONFIG_value=
ac_cv_env_XRENDER_CFLAGS_set=
ac_cv_env_XRENDER_CFLAGS_value=
ac_cv_env_XRENDER_LIBS_set=
ac_cv_env_XRENDER_LIBS_value=
ac_cv_env_build_alias_set=
ac_cv_env_build_alias_value=
ac_cv_env_host_alias_set=
ac_cv_env_host_alias_value=
ac_cv_env_target_alias_set=
ac_cv_env_target_alias_value=
ac_cv_have_decl___INTEL_COMPILER=no
ac_cv_have_decl___SUNPRO_C=no
ac_cv_have_decl___clang__=no
ac_cv_header_dlfcn_h=yes
ac_cv_header_inttypes_h=yes
ac_cv_header_stdint_h=yes
ac_cv_header_stdio_h=yes
ac_cv_header_stdlib_h=yes
ac_cv_header_string_h=yes
ac_cv_header_strings_h=yes
ac_cv_header_sys_stat_h=yes
ac_cv_header_sys_types_h=yes
ac_cv_header_unistd_h=yes
ac_cv_host=x86_64-pc-linux-gnu
ac_cv_objext=o
ac_cv_path_EGREP='/usr/bin/grep -E'
ac_cv_path_FGREP='/usr/bin/grep -F'
ac_cv_path_GREP=/usr/bin/grep
ac_cv_path_SED=/usr/bin/sed
ac_cv_path_ac_pt_PKG_CONFIG=/usr/bin/pkg-config
ac_cv_path_install='/usr/bin/install -c'
ac_cv_path_lt_DD=/usr/bin/dd
ac_cv_path_mkdir=/usr/bin/mkdir
ac_cv_prog_AWK=mawk
ac_cv_prog_ac_ct_AR=ar
ac_cv_prog_ac_ct_CC=gcc
ac_cv_prog_ac_ct_MANIFEST_TOOL=mt
ac_cv_prog_ac_ct_OBJDUMP=objdump
ac_cv_prog_ac_ct_RANLIB=ranlib
ac_cv_prog_ac_ct_STRIP=strip
ac_cv_prog_cc_c11=
ac_cv_prog_cc_g=yes
ac_cv_prog_cc_stdc=
ac_cv_prog_make_make_set=yes
am_cv_CC_dependencies_compiler_type=gcc3
am_cv_make_support_nested_variables=yes
am_cv_prog_cc_c_o=yes
lt_cv_ar_at_file=@
lt_cv_archive_cmds_need_lc=no
lt_cv_deplibs_check_method=pass_all
lt_cv_file_magic_cmd='$MAGIC_CMD'
lt_cv_file_magic_test_file=
lt_cv_ld_reload_flag=-r
lt_cv_nm_interface='BSD nm'
lt_cv_objdir=.libs
lt_cv_path_LD=/usr/bin/ld
lt_cv_path_NM='/usr/bin/nm -B'
lt_cv_path_mainfest_tool=no
lt_cv_prog_compiler_c_o=yes
lt_cv_prog_compiler_pic='-fPIC -DPIC'
lt_cv_prog_compiler_pic_works=yes
lt_cv_prog_compiler_rtti_exceptions=no
lt_cv_prog_compiler_static_works=yes
lt_cv_prog_gnu_ld=yes
lt_cv_sharedlib_from_linklib_cmd='printf %s\n'
lt_cv_shlibpath_overrides_runpath=yes
lt_cv_sys_global_symbol_pipe='sed -n -e '\''s/^.*[	 ]\([ABCDGIRSTW][ABCDGIRSTW]*\)[	 ][	 ]*\([_A-Za-z][_A-Za-z0-9]*\)$/\1 \2 \2/p'\'' | sed '\''/ __gnu_lto/d'\'''
lt_cv_sys_global_symbol_to_c_name_address='sed -n -e '\''s/^: \(.*\) .*$/  {"\1", (void *) 0},/p'\'' -e '\''s/^[ABCDGIRSTW][ABCDGIRSTW]* .* \(.*\)$/  {"\1", (void *) \&\1},/p'\'''
lt_cv_sys_global_symbol_to_c_name_address_lib_prefix='sed -n -e '\''s/^: \(.*\) .*$/  {"\1", (void *) 0},/p'\'' -e '\''s/^[ABCDGIRSTW][ABCDGIRSTW]* .* \(lib.*\)$/  {"\1", (void *) \&\1},/p'\'' -e '\''s/^[ABCDGIRSTW][ABCDGIRSTW]* .* \(.*\)$/  {"lib\1", (void *) \&\1},/p'\'''
lt_cv_sys_global_symbol_to_cdecl='sed -n -e '\''s/^T .* \(.*\)$/extern int \1();/p'\'' -e '\''s/^[ABCDGIRSTW][ABCDGIRSTW]* .* \(.*\)$/extern char \1;/p'\'''
lt_cv_sys_global_symbol_to_import=
lt_cv_sys_max_cmd_len=1572864
lt_cv_to_host_file_cmd=func_convert_file_noop
lt_cv_to_tool_file_cmd=func_convert_file_noop
lt_cv_truncate_bin='/usr/bin/dd bs=4096 count=1'
pkg_cv_FONTCONFIG_CFLAGS='-I/usr/include/uuid -I/usr/include/freetype2 -I/usr/include/libpng16'
pkg_cv_FONTCONFIG_LIBS='-lfontconfig -lfreetype'
pkg_cv_FREETYPE_CFLAGS='-I/usr/include/freetype2 -I/usr/include/libpng16'
pkg_cv_FREETYPE_LIBS=-lfreetype
pkg_cv_XRENDER_CFLAGS=
pkg_cv_XRENDER_LIBS='-lXrender -lX11'
xorg_cv_cc_flag__Wall=yes
xorg_cv_cc_flag__Wbad_function_cast=yes
xorg_cv_cc_flag__Wdeclaration_after_statement=yes
xorg_cv_cc_flag__Werror=yes
xorg_cv_cc_flag__Werror_address=yes
xorg_cv_cc_flag__Werror_array_bounds=yes
xorg_cv_cc_flag__Werror_attributes=yes
xorg_cv_cc_flag__Werror_implicit=yes
xorg_cv_cc_flag__Werror_init_self=yes
xorg_cv_cc_flag__Werror_int_to_pointer_cast=yes
xorg_cv_cc_flag__Werror_main=yes
xorg_cv_cc_flag__Werror_missing_braces=yes
xorg_cv_cc_flag__Werror_nonnull=yes
xorg_cv_cc_flag__Werror_pointer_to_int_cast=yes
xorg_cv_cc_flag__Werror_return_type=yes
xorg_cv_cc_flag__Werror_sequence_point=yes
xorg_cv_cc_flag__Werror_trigraphs=yes
xorg_cv_cc_flag__Werror_write_strings=yes
xorg_cv_cc_flag__Wformat_2=yes
xorg_cv_cc_flag__Wlogical_op=yes
xorg_cv_cc_flag__Wmissing_declarations=yes
xorg_cv_cc_flag__Wmissing_format_attribute=yes
xorg_cv_cc_flag__Wmissing_noreturn=yes
xorg_cv_cc_flag__Wmissing_prototypes=yes
xorg_cv_cc_flag__Wnested_externs=yes
xorg_cv_cc_flag__Wold_style_definition=yes
xorg_cv_cc_flag__Wpointer_arith=yes
xorg_cv_cc_flag__Wredundant_decls=yes
xorg_cv_cc_flag__Wshadow=yes
xorg_cv_cc_flag__Wstrict_prototypes=yes
xorg_cv_cc_flag__Wuninitialized=yes
xorg_cv_cc_flag__Wunused=yes
xorg_cv_cc_flag__pedantic=yes
xorg_cv_cc_flag_unknown_warning_option=no
xorg_cv_cc_flag_unused_command_line_argument=no

## ----------------- ##
## Output variables. ##
## ----------------- ##

ACLOCAL='${SHELL} '\''/home/tester/DwmDE/libxft/missing'\'' aclocal-1.16'
ADMIN_MAN_DIR='$(mandir)/man$(ADMIN_MAN_SUFFIX)'
ADMIN_MAN_SUFFIX='8'
AMDEPBACKSLASH='\'
AMDEP_FALSE='#'
AMDEP_TRUE=''
AMTAR='$${TAR-tar}'
AM_BACKSLASH='\'
AM_DEFAULT_V='$(AM_DEFAULT_VERBOSITY)'
AM_DEFAULT_VERBOSITY='0'
AM_V='$(V)'
APP_MAN_DIR='$(mandir)/man$(APP_MAN_SUFFIX)'
APP_MAN_SUFFIX='1'
AR='ar'
AUTOCONF='${SHELL} '\''/home/tester/DwmDE/libxft/missing'\'' autoconf'
AUTOHEADER='${SHELL} '\''/home/tester/DwmDE/libxft/missing'\'' autoheader'
AUTOMAKE='${SHELL} '\''/home/tester/DwmDE/libxft/missing'\'' automake-1.16'
AWK='mawk'
BASE_CFLAGS=' -Wall -Wpointer-arith -Wmissing-declarations -Wformat=2 -Wstrict-prototypes -Wmissing-prototypes -Wnested-externs -Wbad-function-cast -Wold-style-definition -Wdeclaration-after-statement -Wunused -Wuninitialized -Wshadow -Wmissing-noreturn -Wmissing-format-attribute -Wredundant-decls -Wlogical-op -Werror=implicit -Werror=nonnull -Werror=init-self -Werror=main -Werror=missing-braces -Werror=sequence-point -Werror=return-type -Werror=trigraphs -Werror=array-bounds -Werror=write-strings -Werror=address -Werror=int-to-pointer-cast -Werror=pointer-to-int-cast'
CC='gcc'
CCDEPMODE='depmode=gcc3'
CFLAGS='-g -O2'
CHANGELOG_CMD='((GIT_DIR=$(top_srcdir)/.git git log > $(top_srcdir)/.changelog.tmp) 2>/dev/null && mv $(top_srcdir)/.changelog.tmp $(top_srcdir)/ChangeLog) || (rm -f $(top_srcdir)/.changelog.tmp; test -e $(top_srcdir)/ChangeLog || ( touch $(top_srcdir)/ChangeLog; echo '\''git failed to create ChangeLog: installing empty ChangeLog.'\'' >&2))'
CPPFLAGS=''
CSCOPE='cscope'
CTAGS='ctags'
CWARNFLAGS=' -Wall -Wpointer-arith -Wmissing-declarations -Wformat=2 -Wstrict-prototypes -Wmissing-prototypes -Wnested-externs -Wbad-function-cast -Wold-style-definition -Wdeclaration-after-statement -Wunused -Wuninitialized -Wshadow -Wmissing-noreturn -Wmissing-format-attribute -Wredundant-decls -Wlogical-op -Werror=implicit -Werror=nonnull -Werror=init-self -Werror=main -Werror=missing-braces -Werror=sequence-point -Werror=return-type -Werror=trigraphs -Werror=array-bounds -Werror=write-strings -Werror=address -Werror=int-to-pointer-cast -Werror=pointer-to-int-cast -fno-strict-aliasing'
CYGPATH_W='echo'
DEFS='-DHAVE_CONFIG_H'
DEPDIR='.deps'
DLLTOOL='false'
DRIVER_MAN_DIR='$(mandir)/man$(DRIVER_MAN_SUFFIX)'
DRIVER_MAN_SUFFIX='4'
DSYMUTIL=''
DUMPBIN=''
ECHO_C=''
ECHO_N='-n'
ECHO_T=''
EGREP='/usr/bin/grep -E'
ETAGS='etags'
EXEEXT=''
FGREP='/usr/bin/grep -F'
FILE_MAN_DIR='$(mandir)/man$(FILE_MAN_SUFFIX)'
FILE_MAN_SUFFIX='5'
FONTCONFIG_CFLAGS='-I/usr/include/uuid -I/usr/include/freetype2 -I/usr/include/libpng16'
FONTCONFIG_LIBS='-lfontconfig -lfreetype'
FREETYPE_CFLAGS='-I/usr/include/freetype2 -I/usr/include/libpng16'
FREETYPE_LIBS='-lfreetype'
GREP='/usr/bin/grep'
INSTALL_CMD='(cp -f /usr/share/util-macros/INSTALL $(top_srcdir)/.INSTALL.tmp && mv $(top_srcdir)/.INSTALL.tmp $(top_srcdir)/INSTALL) || (rm -f $(top_srcdir)/.INSTALL.tmp; test -e $(top_srcdir)/INSTALL || ( touch $(top_srcdir)/INSTALL; echo '\''failed to copy INSTALL from util-macros: installing empty INSTALL.'\'' >&2))'
INSTALL_DATA='${INSTALL} -m 644'
INSTALL_PROGRAM='${INSTALL}'
INSTALL_SCRIPT='${INSTALL}'
INSTALL_STRIP_PROGRAM='$(install_sh) -c -s'
LD='/usr/bin/ld -m elf_x86_64'
LDFLAGS=''
LIBOBJS=''
LIBS=''
LIBTOOL='$(SHELL) $(top_builddir)/libtool'
LIB_MAN_DIR='$(mandir)/man$(LIB_MAN_SUFFIX)'
LIB_MAN_SUFFIX='3'
LIPO=''
LN_S='ln -s'
LTLIBOBJS=''
LT_SYS_LIBRARY_PATH=''
MAKEINFO='${SHELL} '\''/home/tester/DwmDE/libxft/missing'\'' makeinfo'
MANIFEST_TOOL=':'
MAN_SUBSTS='	-e '\''s|__vendorversion__|"$(PACKAGE_STRING)" "$(XORG_MAN_PAGE)"|'\'' 	-e '\''s|__xorgversion__|"$(PACKAGE_STRING)" "$(XORG_MAN_PAGE)"|'\'' 	-e '\''s|__xservername__|Xorg|g'\'' 	-e '\''s|__xconfigfile__|xorg.conf|g'\'' 	-e '\''s|__projectroot__|$(prefix)|g'\'' 	-e '\''s|__apploaddir__|$(appdefaultdir)|g'\'' 	-e '\''s|__appmansuffix__|$(APP_MAN_SUFFIX)|g'\'' 	-e '\''s|__drivermansuffix__|$(DRIVER_MAN_SUFFIX)|g'\'' 	-e '\''s|__adminmansuffix__|$(ADMIN_MAN_SUFFIX)|g'\'' 	-e '\''s|__libmansuffix__|$(LIB_MAN_SUFFIX)|g'\'' 	-e '\''s|__miscmansuffix__|$(MISC_MAN_SUFFIX)|g'\'' 	-e '\''s|__filemansuffix__|$(FILE_MAN_SUFFIX)|g'\'''
MISC_MAN_DIR='$(mandir)/man$(MISC_MAN_SUFFIX)'
MISC_MAN_SUFFIX='7'
MKDIR_P='/usr/bin/mkdir -p'
NM='/usr/bin/nm -B'
NMEDIT=''
OBJDUMP='objdump'
OBJEXT='o'
OTOOL64=''
OTOOL=''
PACKAGE='libXft'
PACKAGE_BUGREPORT='https://gitlab.freedesktop.org/xorg/lib/libXft/issues'
PACKAGE_NAME='libXft'
PACKAGE_STRING='libXft 2.3.7'
PACKAGE_TARNAME='libXft'
PACKAGE_URL=''
PACKAGE_VERSION='2.3.7'
PATH_SEPARATOR=':'
PKG_CONFIG='/usr/bin/pkg-config'
PKG_CONFIG_LIBDIR=''
PKG_CONFIG_PATH=''
RANLIB='ranlib'
SED='/usr/bin/sed'
SET_MAKE=''
SHELL='/bin/bash'
STRICT_CFLAGS=' -pedantic -Werror -Werror=attributes'
STRIP='strip'
VERSION='2.3.7'
XFT_LT_VERSION='2:3:7'
XORG_MAN_PAGE='X Version 11'
XRENDER_CFLAGS=''
XRENDER_LIBS='-lXrender -lX11'
ac_ct_AR='ar'
ac_ct_CC='gcc'
ac_ct_DUMPBIN=''
am__EXEEXT_FALSE=''
am__EXEEXT_TRUE='#'
am__fastdepCC_FALSE='#'
am__fastdepCC_TRUE=''
am__include='include'
am__isrc=''
am__leading_dot='.'
am__nodep='_no'
am__quote=''
am__tar='$${TAR-tar} chof - "$$tardir"'
am__untar='$${TAR-tar} xf -'
bindir='${exec_prefix}/bin'
build='x86_64-pc-linux-gnu'
build_alias=''
build_cpu='x86_64'
build_os='linux-gnu'
build_vendor='pc'
datadir='${datarootdir}'
datarootdir='${prefix}/share'
docdir='${datarootdir}/doc/${PACKAGE_TARNAME}'
dvidir='${docdir}'
exec_prefix='${prefix}'
host='x86_64-pc-linux-gnu'
host_alias=''
host_cpu='x86_64'
host_os='linux-gnu'
host_vendor='pc'
htmldir='${docdir}'
includedir='${prefix}/include'
infodir='${datarootdir}/info'
install_sh='${SHELL} /home/tester/DwmDE/libxft/install-sh'
libdir='${exec_prefix}/lib'
libexecdir='${exec_prefix}/libexec'
localedir='${datarootdir}/locale'
localstatedir='${prefix}/var'
mandir='/usr/share/man'
mkdir_p='$(MKDIR_P)'
oldincludedir='/usr/include'
pdfdir='${docdir}'
prefix='/usr'
program_transform_name='s,x,x,'
psdir='${docdir}'
runstatedir='${localstatedir}/run'
sbindir='${exec_prefix}/sbin'
sharedstatedir='${prefix}/com'
sysconfdir='/etc'
target_alias=''

## ----------- ##
## confdefs.h. ##
## ----------- ##

/* confdefs.h */
#define PACKAGE_NAME "libXft"
#define PACKAGE_TARNAME "libXft"
#define PACKAGE_VERSION "2.3.7"
#define PACKAGE_STRING "libXft 2.3.7"
#define PACKAGE_BUGREPORT "https://gitlab.freedesktop.org/xorg/lib/libXft/issues"
#define PACKAGE_URL ""
#define PACKAGE "libXft"
#define VERSION "2.3.7"
#define HAVE_STDIO_H 1
#define HAVE_STDLIB_H 1
#define HAVE_STRING_H 1
#define HAVE_INTTYPES_H 1
#define HAVE_STDINT_H 1
#define HAVE_STRINGS_H 1
#define HAVE_SYS_STAT_H 1
#define HAVE_SYS_TYPES_H 1
#define HAVE_UNISTD_H 1
#define STDC_HEADERS 1
#define HAVE_DLFCN_H 1
#define LT_OBJDIR ".libs/"
#define PACKAGE_VERSION_MAJOR 2
#define PACKAGE_VERSION_MINOR 3
#define PACKAGE_VERSION_PATCHLEVEL 7
#define XFT_MAJOR 2
#define XFT_MINOR 3
#define XFT_REVISION 7

configure: exit 0
